<?xml version='1.0'?>
<!DOCTYPE hibernate-mapping PUBLIC
        "-//Hibernate/Hibernate Mapping DTD 3.0//EN"
        "http://www.hibernate.org/dtd/hibernate-mapping-3.0.dtd">

<hibernate-mapping package="ru.lokoproject.summer.common.data.entity">

    <class name="TestEntity" table="TestEntity">
        <id name="id" type="int" column="id" >
            <generator class="assigned" />
        </id>

    </class>

</hibernate-mapping>